<?xml version="1.0" encoding="UTF-8"?>
<!-- Generated by org.testng.reporters.JUnitReportReporter -->
<testsuite skipped="0" hostname="DURGAPRIYA" name="com.uptake.codingtest.testcases.NavigationTest" tests="2" failures="0" timestamp="12 Jan 2018 01:42:18 GMT" time="30.787" errors="0">
  <testcase name="navigateToIndustriesTest" time="13.851" classname="com.uptake.codingtest.testcases.NavigationTest"/>
  <testcase name="navigateToProductsTest" time="16.936" classname="com.uptake.codingtest.testcases.NavigationTest"/>
</testsuite> <!-- com.uptake.codingtest.testcases.NavigationTest -->
