<?xml version="1.0" encoding="UTF-8"?>
<!-- Generated by org.testng.reporters.JUnitReportReporter -->
<testsuite skipped="0" hostname="DURGAPRIYA" name="com.uptake.codingtest.testcases.NavigationTest" tests="2" failures="0" timestamp="12 Jan 2018 03:11:33 GMT" time="30.332" errors="0">
  <testcase name="navigateToProductsTest" time="15.527" classname="com.uptake.codingtest.testcases.NavigationTest"/>
  <testcase name="navigateToIndustriesTest" time="14.805" classname="com.uptake.codingtest.testcases.NavigationTest"/>
</testsuite> <!-- com.uptake.codingtest.testcases.NavigationTest -->
